<?xml version="1.0" encoding="UTF-8"?>
<!-- Generated by org.testng.reporters.JUnitXMLReporter -->
<testsuite ignored="0" hostname="Swapnil" failures="0" tests="4" name="Test" time="32.736" errors="0" timestamp="2022-04-13T21:04:20 EDT">
  <testcase classname="Academy.ValidateNavigationBar" name="basePagenavigation" time="0.071"/>
  <testcase classname="Academy.ValidateTitle" name="basePagenavigation" time="0.116"/>
  <testcase classname="Academy.HomePage" name="basePagenavigation" time="8.561"/>
  <testcase classname="Academy.HomePage" name="basePagenavigation" time="8.172"/>
</testsuite> <!-- Test -->
