<?xml version="1.0" encoding="UTF-8"?>
<testng-results ignored="0" total="4" passed="4" failed="0" skipped="0">
  <reporter-output>
  </reporter-output>
  <suite started-at="2022-04-16T02:15:16 EDT" name="Suite" finished-at="2022-04-16T02:15:34 EDT" duration-ms="18056">
    <groups>
    </groups>
    <test started-at="2022-04-16T02:15:16 EDT" name="Validating title Test" finished-at="2022-04-16T02:15:24 EDT" duration-ms="8031">
      <class name="Academy.ValidateTitle">
        <test-method is-config="true" signature="initialize()[pri:0, instance:Academy.ValidateTitle@36676c1a]" started-at="2022-04-16T02:15:16 EDT" name="initialize" finished-at="2022-04-16T02:15:24 EDT" duration-ms="7955" status="PASS">
          <reporter-output>
          </reporter-output>
        </test-method> <!-- initialize -->
        <test-method signature="validateAppTitle()[pri:0, instance:Academy.ValidateTitle@36676c1a]" started-at="2022-04-16T02:15:24 EDT" name="validateAppTitle" finished-at="2022-04-16T02:15:24 EDT" duration-ms="18" status="PASS">
          <reporter-output>
          </reporter-output>
        </test-method> <!-- validateAppTitle -->
        <test-method is-config="true" signature="teardown()[pri:0, instance:Academy.ValidateTitle@36676c1a]" started-at="2022-04-16T02:15:24 EDT" name="teardown" finished-at="2022-04-16T02:15:24 EDT" duration-ms="56" status="PASS">
          <reporter-output>
          </reporter-output>
        </test-method> <!-- teardown -->
      </class> <!-- Academy.ValidateTitle -->
    </test> <!-- Validating title Test -->
    <test started-at="2022-04-16T02:15:16 EDT" name="Validating Content in Bar" finished-at="2022-04-16T02:15:26 EDT" duration-ms="9944">
      <class name="Academy.ValidateNavigationBar">
        <test-method is-config="true" signature="initialize()[pri:0, instance:Academy.ValidateNavigationBar@3f363cf5]" started-at="2022-04-16T02:15:16 EDT" name="initialize" finished-at="2022-04-16T02:15:22 EDT" duration-ms="5784" status="PASS">
          <reporter-output>
          </reporter-output>
        </test-method> <!-- initialize -->
        <test-method signature="basePagenavigation()[pri:0, instance:Academy.ValidateNavigationBar@3f363cf5]" started-at="2022-04-16T02:15:22 EDT" name="basePagenavigation" finished-at="2022-04-16T02:15:22 EDT" duration-ms="28" status="PASS">
          <reporter-output>
          </reporter-output>
        </test-method> <!-- basePagenavigation -->
        <test-method is-config="true" signature="teardown()[pri:0, instance:Academy.ValidateNavigationBar@3f363cf5]" started-at="2022-04-16T02:15:22 EDT" name="teardown" finished-at="2022-04-16T02:15:26 EDT" duration-ms="4126" status="PASS">
          <reporter-output>
          </reporter-output>
        </test-method> <!-- teardown -->
      </class> <!-- Academy.ValidateNavigationBar -->
    </test> <!-- Validating Content in Bar -->
    <test started-at="2022-04-16T02:15:16 EDT" name="Homepage Login Test" finished-at="2022-04-16T02:15:34 EDT" duration-ms="18056">
      <class name="Academy.HomePage">
        <test-method signature="basePagenavigation(java.lang.String,java.lang.String)[pri:0, instance:Academy.HomePage@878452d]" started-at="2022-04-16T02:15:16 EDT" name="basePagenavigation" data-provider="getData" finished-at="2022-04-16T02:15:25 EDT" duration-ms="9683" status="PASS">
          <params>
            <param index="0">
              <value>
                <![CDATA[sap@email.com]]>
              </value>
            </param>
            <param index="1">
              <value>
                <![CDATA[12554823]]>
              </value>
            </param>
          </params>
          <reporter-output>
          </reporter-output>
        </test-method> <!-- basePagenavigation -->
        <test-method signature="basePagenavigation(java.lang.String,java.lang.String)[pri:0, instance:Academy.HomePage@878452d]" started-at="2022-04-16T02:15:25 EDT" name="basePagenavigation" data-provider="getData" finished-at="2022-04-16T02:15:34 EDT" duration-ms="8357" status="PASS">
          <params>
            <param index="0">
              <value>
                <![CDATA[abl@email.com]]>
              </value>
            </param>
            <param index="1">
              <value>
                <![CDATA[124589]]>
              </value>
            </param>
          </params>
          <reporter-output>
          </reporter-output>
        </test-method> <!-- basePagenavigation -->
      </class> <!-- Academy.HomePage -->
    </test> <!-- Homepage Login Test -->
  </suite> <!-- Suite -->
</testng-results>
