<?xml version="1.0" encoding="UTF-8"?>
<testng-results ignored="0" total="4" passed="3" failed="1" skipped="0">
  <reporter-output>
  </reporter-output>
  <suite started-at="2022-04-22T22:09:34 EDT" name="Suite" finished-at="2022-04-22T22:10:00 EDT" duration-ms="26177">
    <groups>
    </groups>
    <test started-at="2022-04-22T22:09:34 EDT" name="Validating Content in Bar" finished-at="2022-04-22T22:09:41 EDT" duration-ms="7110">
      <class name="Academy.ValidateNavigationBar">
        <test-method is-config="true" signature="initialize()[pri:0, instance:Academy.ValidateNavigationBar@44c79f32]" started-at="2022-04-22T22:09:34 EDT" name="initialize" finished-at="2022-04-22T22:09:41 EDT" duration-ms="6982" status="PASS">
          <reporter-output>
          </reporter-output>
        </test-method> <!-- initialize -->
        <test-method signature="basePagenavigation()[pri:0, instance:Academy.ValidateNavigationBar@44c79f32]" started-at="2022-04-22T22:09:41 EDT" name="basePagenavigation" finished-at="2022-04-22T22:09:41 EDT" duration-ms="47" status="PASS">
          <reporter-output>
          </reporter-output>
        </test-method> <!-- basePagenavigation -->
        <test-method is-config="true" signature="teardown()[pri:0, instance:Academy.ValidateNavigationBar@44c79f32]" started-at="2022-04-22T22:09:41 EDT" name="teardown" finished-at="2022-04-22T22:09:41 EDT" duration-ms="70" status="PASS">
          <reporter-output>
          </reporter-output>
        </test-method> <!-- teardown -->
      </class> <!-- Academy.ValidateNavigationBar -->
    </test> <!-- Validating Content in Bar -->
    <test started-at="2022-04-22T22:09:34 EDT" name="Validating title Test" finished-at="2022-04-22T22:09:41 EDT" duration-ms="7379">
      <class name="Academy.ValidateTitle">
        <test-method is-config="true" signature="initialize()[pri:0, instance:Academy.ValidateTitle@4a9f80d3]" started-at="2022-04-22T22:09:34 EDT" name="initialize" finished-at="2022-04-22T22:09:41 EDT" duration-ms="7226" status="PASS">
          <reporter-output>
          </reporter-output>
        </test-method> <!-- initialize -->
        <test-method signature="validateAppTitle()[pri:0, instance:Academy.ValidateTitle@4a9f80d3]" started-at="2022-04-22T22:09:41 EDT" name="validateAppTitle" finished-at="2022-04-22T22:09:41 EDT" duration-ms="38" status="PASS">
          <reporter-output>
          </reporter-output>
        </test-method> <!-- validateAppTitle -->
        <test-method is-config="true" signature="teardown()[pri:0, instance:Academy.ValidateTitle@4a9f80d3]" started-at="2022-04-22T22:09:41 EDT" name="teardown" finished-at="2022-04-22T22:09:41 EDT" duration-ms="109" status="PASS">
          <reporter-output>
          </reporter-output>
        </test-method> <!-- teardown -->
      </class> <!-- Academy.ValidateTitle -->
    </test> <!-- Validating title Test -->
    <test started-at="2022-04-22T22:09:34 EDT" name="Homepage Login Test" finished-at="2022-04-22T22:10:00 EDT" duration-ms="26177">
      <class name="Academy.HomePage">
        <test-method signature="basePagenavigation(java.lang.String,java.lang.String)[pri:0, instance:Academy.HomePage@4204541c]" started-at="2022-04-22T22:09:34 EDT" name="basePagenavigation" data-provider="getData" finished-at="2022-04-22T22:09:46 EDT" duration-ms="12335" status="FAIL">
          <params>
            <param index="0">
              <value>
                <![CDATA[sap@email.com]]>
              </value>
            </param>
            <param index="1">
              <value>
                <![CDATA[12554823]]>
              </value>
            </param>
          </params>
          <exception class="org.openqa.selenium.StaleElementReferenceException">
            <message>
              <![CDATA[stale element reference: element is not attached to the page document
  (Session info: chrome=100.0.4896.127)
For documentation on this error, please visit: https://selenium.dev/exceptions/#stale_element_reference
Build info: version: '4.1.3', revision: '7b1ebf28ef'
System info: host: 'SWAPNIL', ip: '192.168.0.26', os.name: 'Windows 11', os.arch: 'amd64', os.version: '10.0', java.version: '17.0.2'
Driver info: org.openqa.selenium.chrome.ChromeDriver
Command: [e1e31654bfc5a0bb238c19d382f2087f, clickElement {id=c9c13aa2-fc2d-4453-b3ba-739c28e765f9}]
Capabilities {acceptInsecureCerts: false, browserName: chrome, browserVersion: 100.0.4896.127, chrome: {chromedriverVersion: 100.0.4896.60 (6a5d10861ce8..., userDataDir: C:\Users\Swapn\AppData\Loca...}, goog:chromeOptions: {debuggerAddress: localhost:61160}, javascriptEnabled: true, networkConnectionEnabled: false, pageLoadStrategy: normal, platform: WINDOWS, platformName: WINDOWS, proxy: Proxy(), se:cdp: ws://localhost:61160/devtoo..., se:cdpVersion: 100.0.4896.127, setWindowRect: true, strictFileInteractability: false, timeouts: {implicit: 0, pageLoad: 300000, script: 30000}, unhandledPromptBehavior: dismiss and notify, webauthn:extension:credBlob: true, webauthn:extension:largeBlob: true, webauthn:virtualAuthenticators: true}
Element: [[ChromeDriver: chrome on WINDOWS (e1e31654bfc5a0bb238c19d382f2087f)] -> xpath: //input[@name='commit']]
Session ID: e1e31654bfc5a0bb238c19d382f2087f]]>
            </message>
            <full-stacktrace>
              <![CDATA[org.openqa.selenium.StaleElementReferenceException: stale element reference: element is not attached to the page document
  (Session info: chrome=100.0.4896.127)
For documentation on this error, please visit: https://selenium.dev/exceptions/#stale_element_reference
Build info: version: '4.1.3', revision: '7b1ebf28ef'
System info: host: 'SWAPNIL', ip: '192.168.0.26', os.name: 'Windows 11', os.arch: 'amd64', os.version: '10.0', java.version: '17.0.2'
Driver info: org.openqa.selenium.chrome.ChromeDriver
Command: [e1e31654bfc5a0bb238c19d382f2087f, clickElement {id=c9c13aa2-fc2d-4453-b3ba-739c28e765f9}]
Capabilities {acceptInsecureCerts: false, browserName: chrome, browserVersion: 100.0.4896.127, chrome: {chromedriverVersion: 100.0.4896.60 (6a5d10861ce8..., userDataDir: C:\Users\Swapn\AppData\Loca...}, goog:chromeOptions: {debuggerAddress: localhost:61160}, javascriptEnabled: true, networkConnectionEnabled: false, pageLoadStrategy: normal, platform: WINDOWS, platformName: WINDOWS, proxy: Proxy(), se:cdp: ws://localhost:61160/devtoo..., se:cdpVersion: 100.0.4896.127, setWindowRect: true, strictFileInteractability: false, timeouts: {implicit: 0, pageLoad: 300000, script: 30000}, unhandledPromptBehavior: dismiss and notify, webauthn:extension:credBlob: true, webauthn:extension:largeBlob: true, webauthn:virtualAuthenticators: true}
Element: [[ChromeDriver: chrome on WINDOWS (e1e31654bfc5a0bb238c19d382f2087f)] -> xpath: //input[@name='commit']]
Session ID: e1e31654bfc5a0bb238c19d382f2087f
at java.base/jdk.internal.reflect.NativeConstructorAccessorImpl.newInstance0(Native Method)
at java.base/jdk.internal.reflect.NativeConstructorAccessorImpl.newInstance(NativeConstructorAccessorImpl.java:77)
at java.base/jdk.internal.reflect.DelegatingConstructorAccessorImpl.newInstance(DelegatingConstructorAccessorImpl.java:45)
at java.base/java.lang.reflect.Constructor.newInstanceWithCaller(Constructor.java:499)
at java.base/java.lang.reflect.Constructor.newInstance(Constructor.java:480)
at org.openqa.selenium.remote.codec.w3c.W3CHttpResponseCodec.createException(W3CHttpResponseCodec.java:200)
at org.openqa.selenium.remote.codec.w3c.W3CHttpResponseCodec.decode(W3CHttpResponseCodec.java:133)
at org.openqa.selenium.remote.codec.w3c.W3CHttpResponseCodec.decode(W3CHttpResponseCodec.java:53)
at org.openqa.selenium.remote.HttpCommandExecutor.execute(HttpCommandExecutor.java:184)
at org.openqa.selenium.remote.service.DriverCommandExecutor.invokeExecute(DriverCommandExecutor.java:167)
at org.openqa.selenium.remote.service.DriverCommandExecutor.execute(DriverCommandExecutor.java:142)
at org.openqa.selenium.remote.RemoteWebDriver.execute(RemoteWebDriver.java:567)
at org.openqa.selenium.remote.RemoteWebElement.execute(RemoteWebElement.java:251)
at org.openqa.selenium.remote.RemoteWebElement.click(RemoteWebElement.java:77)
at Academy.HomePage.basePagenavigation(HomePage.java:39)
at java.base/jdk.internal.reflect.NativeMethodAccessorImpl.invoke0(Native Method)
at java.base/jdk.internal.reflect.NativeMethodAccessorImpl.invoke(NativeMethodAccessorImpl.java:77)
at java.base/jdk.internal.reflect.DelegatingMethodAccessorImpl.invoke(DelegatingMethodAccessorImpl.java:43)
at java.base/java.lang.reflect.Method.invoke(Method.java:568)
at org.testng.internal.MethodInvocationHelper.invokeMethod(MethodInvocationHelper.java:133)
at org.testng.internal.TestInvoker.invokeMethod(TestInvoker.java:598)
at org.testng.internal.TestInvoker.invokeTestMethod(TestInvoker.java:173)
at org.testng.internal.MethodRunner.runInSequence(MethodRunner.java:46)
at org.testng.internal.TestInvoker$MethodInvocationAgent.invoke(TestInvoker.java:824)
at org.testng.internal.TestInvoker.invokeTestMethods(TestInvoker.java:146)
at org.testng.internal.TestMethodWorker.invokeTestMethods(TestMethodWorker.java:146)
at org.testng.internal.TestMethodWorker.run(TestMethodWorker.java:128)
at java.base/java.util.ArrayList.forEach(ArrayList.java:1511)
at org.testng.TestRunner.privateRun(TestRunner.java:794)
at org.testng.TestRunner.run(TestRunner.java:596)
at org.testng.SuiteRunner.runTest(SuiteRunner.java:377)
at org.testng.SuiteRunner.access$000(SuiteRunner.java:28)
at org.testng.SuiteRunner$SuiteWorker.run(SuiteRunner.java:418)
at org.testng.internal.thread.ThreadUtil.lambda$execute$0(ThreadUtil.java:64)
at java.base/java.util.concurrent.FutureTask.run(FutureTask.java:264)
at java.base/java.util.concurrent.ThreadPoolExecutor.runWorker(ThreadPoolExecutor.java:1136)
at java.base/java.util.concurrent.ThreadPoolExecutor$Worker.run(ThreadPoolExecutor.java:635)
at java.base/java.lang.Thread.run(Thread.java:833)
]]>
            </full-stacktrace>
          </exception> <!-- org.openqa.selenium.StaleElementReferenceException -->
          <reporter-output>
          </reporter-output>
        </test-method> <!-- basePagenavigation -->
        <test-method signature="basePagenavigation(java.lang.String,java.lang.String)[pri:0, instance:Academy.HomePage@4204541c]" started-at="2022-04-22T22:09:46 EDT" name="basePagenavigation" data-provider="getData" finished-at="2022-04-22T22:10:00 EDT" duration-ms="13663" status="PASS">
          <params>
            <param index="0">
              <value>
                <![CDATA[abl@email.com]]>
              </value>
            </param>
            <param index="1">
              <value>
                <![CDATA[124589]]>
              </value>
            </param>
          </params>
          <reporter-output>
          </reporter-output>
        </test-method> <!-- basePagenavigation -->
      </class> <!-- Academy.HomePage -->
    </test> <!-- Homepage Login Test -->
  </suite> <!-- Suite -->
</testng-results>
